2025-10-24 13:37:05,627 DEBUG    root            Loaded Command Group: ['gcloud', 'components']
2025-10-24 13:37:05,662 DEBUG    root            Loaded Command Group: ['gcloud', 'components', 'update']
2025-10-24 13:37:05,664 DEBUG    root            Running [gcloud.components.update] with arguments: [--quiet: "True", COMPONENT-IDS:8: "['gcloud', 'core', 'bq', 'gsutil', 'compute', 'preview', 'alpha', 'beta']"]
2025-10-24 13:37:05,665 INFO     ___FILE_ONLY___ Beginning update. This process may take several minutes.

2025-10-24 13:37:05,674 DEBUG    urllib3.connectionpool Starting new HTTPS connection (1): dl.google.com:443
2025-10-24 13:37:06,642 DEBUG    urllib3.connectionpool https://dl.google.com:443 "GET /dl/cloudsdk/channels/rapid/components-2.json HTTP/1.1" 200 233157
2025-10-24 13:37:06,656 WARNING  root            Component [compute] no longer exists.
2025-10-24 13:37:06,657 INFO     ___FILE_ONLY___ 

2025-10-24 13:37:06,657 INFO     ___FILE_ONLY___ 
Your current Google Cloud CLI version is: 544.0.0

2025-10-24 13:37:06,657 INFO     ___FILE_ONLY___ Installing components from version: 544.0.0

2025-10-24 13:37:06,657 INFO     ___FILE_ONLY___ 

2025-10-24 13:37:06,657 DEBUG    root            Chosen display Format:table[box,title="These components will be removed."](details.display_name:label=Name:align=left,version.version_string:label=Version:align=right,data.size.size(zero="",min=1048576):label=Size:align=right)
2025-10-24 13:37:06,658 DEBUG    root            Chosen display Format:table[box,title="These components will be updated."](details.display_name:label=Name:align=left,version.version_string:label=Version:align=right,data.size.size(zero="",min=1048576):label=Size:align=right)
2025-10-24 13:37:06,658 DEBUG    root            Chosen display Format:table[box,title="These components will be installed."](details.display_name:label=Name:align=left,version.version_string:label=Version:align=right,data.size.size(zero="",min=1048576):label=Size:align=right)
2025-10-24 13:37:06,674 INFO     ___FILE_ONLY___ ┌────────────────────────────────────────────────┐
2025-10-24 13:37:06,675 INFO     ___FILE_ONLY___ 

2025-10-24 13:37:06,675 INFO     ___FILE_ONLY___ │      These components will be installed.       │
2025-10-24 13:37:06,675 INFO     ___FILE_ONLY___ 

2025-10-24 13:37:06,675 INFO     ___FILE_ONLY___ ├─────────────────────────┬────────────┬─────────┤
2025-10-24 13:37:06,675 INFO     ___FILE_ONLY___ 

2025-10-24 13:37:06,675 INFO     ___FILE_ONLY___ │           Name          │  Version   │   Size  │
2025-10-24 13:37:06,675 INFO     ___FILE_ONLY___ 

2025-10-24 13:37:06,675 INFO     ___FILE_ONLY___ ├─────────────────────────┼────────────┼─────────┤
2025-10-24 13:37:06,675 INFO     ___FILE_ONLY___ 

2025-10-24 13:37:06,675 INFO     ___FILE_ONLY___ │ 
2025-10-24 13:37:06,675 INFO     ___FILE_ONLY___ gcloud Alpha Commands  
2025-10-24 13:37:06,675 INFO     ___FILE_ONLY___  
2025-10-24 13:37:06,675 INFO     ___FILE_ONLY___ │ 
2025-10-24 13:37:06,675 INFO     ___FILE_ONLY___ 2025.10.17
2025-10-24 13:37:06,675 INFO     ___FILE_ONLY___  
2025-10-24 13:37:06,675 INFO     ___FILE_ONLY___ │ 
2025-10-24 13:37:06,676 INFO     ___FILE_ONLY___ < 1 MiB
2025-10-24 13:37:06,676 INFO     ___FILE_ONLY___  
2025-10-24 13:37:06,676 INFO     ___FILE_ONLY___ │
2025-10-24 13:37:06,676 INFO     ___FILE_ONLY___ 

2025-10-24 13:37:06,676 INFO     ___FILE_ONLY___ │ 
2025-10-24 13:37:06,676 INFO     ___FILE_ONLY___ gcloud Beta Commands   
2025-10-24 13:37:06,676 INFO     ___FILE_ONLY___  
2025-10-24 13:37:06,676 INFO     ___FILE_ONLY___ │ 
2025-10-24 13:37:06,676 INFO     ___FILE_ONLY___ 2025.10.17
2025-10-24 13:37:06,676 INFO     ___FILE_ONLY___  
2025-10-24 13:37:06,676 INFO     ___FILE_ONLY___ │ 
2025-10-24 13:37:06,676 INFO     ___FILE_ONLY___ < 1 MiB
2025-10-24 13:37:06,676 INFO     ___FILE_ONLY___  
2025-10-24 13:37:06,676 INFO     ___FILE_ONLY___ │
2025-10-24 13:37:06,676 INFO     ___FILE_ONLY___ 

2025-10-24 13:37:06,676 INFO     ___FILE_ONLY___ │ 
2025-10-24 13:37:06,676 INFO     ___FILE_ONLY___ gcloud Preview Commands
2025-10-24 13:37:06,676 INFO     ___FILE_ONLY___  
2025-10-24 13:37:06,676 INFO     ___FILE_ONLY___ │ 
2025-10-24 13:37:06,676 INFO     ___FILE_ONLY___           
2025-10-24 13:37:06,677 INFO     ___FILE_ONLY___  
2025-10-24 13:37:06,677 INFO     ___FILE_ONLY___ │ 
2025-10-24 13:37:06,677 INFO     ___FILE_ONLY___ < 1 MiB
2025-10-24 13:37:06,677 INFO     ___FILE_ONLY___  
2025-10-24 13:37:06,677 INFO     ___FILE_ONLY___ │
2025-10-24 13:37:06,677 INFO     ___FILE_ONLY___ 

2025-10-24 13:37:06,677 INFO     ___FILE_ONLY___ └─────────────────────────┴────────────┴─────────┘
2025-10-24 13:37:06,677 INFO     ___FILE_ONLY___ 

2025-10-24 13:37:06,677 INFO     ___FILE_ONLY___ 

2025-10-24 13:37:06,680 DEBUG    urllib3.connectionpool Starting new HTTPS connection (1): dl.google.com:443
2025-10-24 13:37:07,585 DEBUG    urllib3.connectionpool https://dl.google.com:443 "GET /dl/cloudsdk/channels/rapid/RELEASE_NOTES HTTP/1.1" 200 1506053
2025-10-24 13:37:08,102 INFO     ___FILE_ONLY___ For the latest full release notes, please visit:
  https://cloud.google.com/sdk/release_notes


2025-10-24 13:37:08,102 INFO     ___FILE_ONLY___ Performing in place update...


2025-10-24 13:37:08,104 INFO     ___FILE_ONLY___ ╔════════════════════════════════════════════════════════════╗

2025-10-24 13:37:08,104 INFO     ___FILE_ONLY___ ╠═ Downloading: gcloud Alpha Commands                       ═╣

2025-10-24 13:37:08,104 INFO     ___FILE_ONLY___ ╚
2025-10-24 13:37:08,107 DEBUG    urllib3.connectionpool Starting new HTTPS connection (1): dl.google.com:443
2025-10-24 13:37:09,006 DEBUG    urllib3.connectionpool https://dl.google.com:443 "GET /dl/cloudsdk/channels/rapid/components/google-cloud-sdk-alpha-20251017124533.tar.gz HTTP/1.1" 200 800
2025-10-24 13:37:09,007 INFO     ___FILE_ONLY___ ════════════════════════════════════════════════════════════
2025-10-24 13:37:09,007 INFO     ___FILE_ONLY___ ╝

2025-10-24 13:37:09,009 INFO     ___FILE_ONLY___ ╔════════════════════════════════════════════════════════════╗

2025-10-24 13:37:09,009 INFO     ___FILE_ONLY___ ╠═ Downloading: gcloud Beta Commands                        ═╣

2025-10-24 13:37:09,009 INFO     ___FILE_ONLY___ ╚
2025-10-24 13:37:09,012 DEBUG    urllib3.connectionpool Starting new HTTPS connection (1): dl.google.com:443
2025-10-24 13:37:09,973 DEBUG    urllib3.connectionpool https://dl.google.com:443 "GET /dl/cloudsdk/channels/rapid/components/google-cloud-sdk-beta-20251017124533.tar.gz HTTP/1.1" 200 797
2025-10-24 13:37:09,975 INFO     ___FILE_ONLY___ ════════════════════════════════════════════════════════════
2025-10-24 13:37:09,975 INFO     ___FILE_ONLY___ ╝

2025-10-24 13:37:09,978 INFO     ___FILE_ONLY___ ╔════════════════════════════════════════════════════════════╗

2025-10-24 13:37:09,978 INFO     ___FILE_ONLY___ ╠═ Downloading: gcloud Preview Commands                     ═╣

2025-10-24 13:37:09,978 INFO     ___FILE_ONLY___ ╚
2025-10-24 13:37:09,981 DEBUG    urllib3.connectionpool Starting new HTTPS connection (1): dl.google.com:443
2025-10-24 13:37:10,935 DEBUG    urllib3.connectionpool https://dl.google.com:443 "GET /dl/cloudsdk/channels/rapid/components/google-cloud-sdk-preview-20241115154308.tar.gz HTTP/1.1" 200 823
2025-10-24 13:37:10,936 INFO     ___FILE_ONLY___ ════════════════════════════════════════════════════════════
2025-10-24 13:37:10,936 INFO     ___FILE_ONLY___ ╝

2025-10-24 13:37:10,938 INFO     ___FILE_ONLY___ ╔════════════════════════════════════════════════════════════╗

2025-10-24 13:37:10,938 INFO     ___FILE_ONLY___ ╠═ Installing: gcloud Alpha Commands                        ═╣

2025-10-24 13:37:10,938 INFO     ___FILE_ONLY___ ╚
2025-10-24 13:37:10,939 INFO     ___FILE_ONLY___ ════════════════════════════════════════════════════════════
2025-10-24 13:37:10,939 INFO     ___FILE_ONLY___ ╝

2025-10-24 13:37:10,944 INFO     ___FILE_ONLY___ ╔════════════════════════════════════════════════════════════╗

2025-10-24 13:37:10,944 INFO     ___FILE_ONLY___ ╠═ Installing: gcloud Beta Commands                         ═╣

2025-10-24 13:37:10,944 INFO     ___FILE_ONLY___ ╚
2025-10-24 13:37:10,945 INFO     ___FILE_ONLY___ ════════════════════════════════════════════════════════════
2025-10-24 13:37:10,945 INFO     ___FILE_ONLY___ ╝

2025-10-24 13:37:10,951 INFO     ___FILE_ONLY___ ╔════════════════════════════════════════════════════════════╗

2025-10-24 13:37:10,951 INFO     ___FILE_ONLY___ ╠═ Installing: gcloud Preview Commands                      ═╣

2025-10-24 13:37:10,951 INFO     ___FILE_ONLY___ ╚
2025-10-24 13:37:10,952 INFO     ___FILE_ONLY___ ════════════════════════════════════════════════════════════
2025-10-24 13:37:10,952 INFO     ___FILE_ONLY___ ╝

2025-10-24 13:37:10,957 DEBUG    root            Updating notification cache...
2025-10-24 13:37:10,957 INFO     ___FILE_ONLY___ 

2025-10-24 13:37:10,959 INFO     ___FILE_ONLY___ Performing post processing steps...
2025-10-24 13:37:10,960 DEBUG    root            Executing command: ['/tools/google-cloud-sdk/bin/gcloud', 'components', 'post-process']
2025-10-24 13:37:19,655 DEBUG    ___FILE_ONLY___ 
2025-10-24 13:37:19,655 DEBUG    ___FILE_ONLY___ 
2025-10-24 13:37:19,737 INFO     root            descriptor_list: [{'universeDomain': 'googleapis.com', 'universeShortName': '', 'authenticationDomain': 'auth.cloud.google.com', 'projectPrefix': '', 'cloudWebDomain': 'cloud.google.com', 'documentationDomain': 'cloud.google.com', 'version': '1.0.0', 'state': 'primary', 'artifactRegistryDomain': 'pkg.dev'}]
2025-10-24 13:37:19,738 INFO     ___FILE_ONLY___ 
Update done!


2025-10-24 13:37:19,740 DEBUG    root            Chosen display Format:none
2025-10-24 13:37:19,740 INFO     root            Display format: "none"
